# JRE version: OpenJDK Runtime Environment (21.0.3) (build 21.0.3+-12282718-b509.11)
# Java VM: OpenJDK 64-Bit Server VM (21.0.3+-12282718-b509.11, mixed mode, tiered, compressed oops, compressed class ptrs, g1 gc, windows-amd64)
GC Precious Log:
 CardTable entry size: 512
 Card Set container configuration: InlinePtr #cards 5 size 8 Array Of Cards #cards 12 size 40 Howl #buckets 4 coarsen threshold 1843 Howl Bitmap #cards 512 size 80 coarsen threshold 460 Card regions per heap region 1 cards per card region 2048
 CPUs: 12 total, 12 available
 Memory: 16087M
 Large Page Support: Disabled
 NUMA Support: Disabled
 Compressed Oops: Enabled (32-bit)
 Heap Region Size: 1M
 Heap Min Capacity: 8M
 Heap Initial Capacity: 252M
 Heap Max Capacity: 2G
 Pre-touch: Disabled
 Parallel Workers: 10
 Concurrent Workers: 3
 Concurrent Refinement Workers: 10
 Periodic GC: Disabled
Heap:
 garbage-first heap   total 353280K, used 222397K [0x0000000080000000, 0x0000000100000000)
  region size 1024K, 18 young (18432K), 10 survivors (10240K)
 Metaspace       used 190901K, committed 193600K, reserved 1245184K
  class space    used 24568K, committed 25920K, reserved 1048576K
GC Heap History (20 events):
Event: 141.738 GC heap before
{Heap before GC invocations=57 (full 0):
 garbage-first heap   total 311296K, used 282175K [0x0000000080000000, 0x0000000100000000)
  region size 1024K, 92 young (94208K), 13 survivors (13312K)
 Metaspace       used 181752K, committed 184320K, reserved 1245184K
  class space    used 23418K, committed 24704K, reserved 1048576K
}
Event: 141.769 GC heap after
{Heap after GC invocations=58 (full 0):
 garbage-first heap   total 311296K, used 205610K [0x0000000080000000, 0x0000000100000000)
  region size 1024K, 7 young (7168K), 7 survivors (7168K)
 Metaspace       used 181752K, committed 184320K, reserved 1245184K
  class space    used 23418K, committed 24704K, reserved 1048576K
}
Event: 143.742 GC heap before
{Heap before GC invocations=58 (full 0):
 garbage-first heap   total 311296K, used 285482K [0x0000000080000000, 0x0000000100000000)
  region size 1024K, 86 young (88064K), 7 survivors (7168K)
 Metaspace       used 182796K, committed 185408K, reserved 1245184K
  class space    used 23561K, committed 24896K, reserved 1048576K
}
Event: 143.756 GC heap after
{Heap after GC invocations=59 (full 0):
 garbage-first heap   total 311296K, used 210229K [0x0000000080000000, 0x0000000100000000)
  region size 1024K, 11 young (11264K), 11 survivors (11264K)
 Metaspace       used 182796K, committed 185408K, reserved 1245184K
  class space    used 23561K, committed 24896K, reserved 1048576K
}
Event: 145.247 GC heap before
{Heap before GC invocations=60 (full 0):
 garbage-first heap   total 343040K, used 274741K [0x0000000080000000, 0x0000000100000000)
  region size 1024K, 80 young (81920K), 11 survivors (11264K)
 Metaspace       used 182796K, committed 185408K, reserved 1245184K
  class space    used 23561K, committed 24896K, reserved 1048576K
}
Event: 145.267 GC heap after
{Heap after GC invocations=61 (full 0):
 garbage-first heap   total 343040K, used 205943K [0x0000000080000000, 0x0000000100000000)
  region size 1024K, 8 young (8192K), 8 survivors (8192K)
 Metaspace       used 182796K, committed 185408K, reserved 1245184K
  class space    used 23561K, committed 24896K, reserved 1048576K
}
Event: 147.404 GC heap before
{Heap before GC invocations=61 (full 0):
 garbage-first heap   total 343040K, used 310391K [0x0000000080000000, 0x0000000100000000)
  region size 1024K, 110 young (112640K), 8 survivors (8192K)
 Metaspace       used 182796K, committed 185408K, reserved 1245184K
  class space    used 23561K, committed 24896K, reserved 1048576K
}
Event: 147.416 GC heap after
{Heap after GC invocations=62 (full 0):
 garbage-first heap   total 343040K, used 201650K [0x0000000080000000, 0x0000000100000000)
  region size 1024K, 10 young (10240K), 10 survivors (10240K)
 Metaspace       used 182796K, committed 185408K, reserved 1245184K
  class space    used 23561K, committed 24896K, reserved 1048576K
}
Event: 150.380 GC heap before
{Heap before GC invocations=62 (full 0):
 garbage-first heap   total 343040K, used 313266K [0x0000000080000000, 0x0000000100000000)
  region size 1024K, 119 young (121856K), 10 survivors (10240K)
 Metaspace       used 182796K, committed 185408K, reserved 1245184K
  class space    used 23561K, committed 24896K, reserved 1048576K
}
Event: 150.395 GC heap after
{Heap after GC invocations=63 (full 0):
 garbage-first heap   total 343040K, used 205504K [0x0000000080000000, 0x0000000100000000)
  region size 1024K, 11 young (11264K), 11 survivors (11264K)
 Metaspace       used 182796K, committed 185408K, reserved 1245184K
  class space    used 23561K, committed 24896K, reserved 1048576K
}
Event: 152.677 GC heap before
{Heap before GC invocations=64 (full 0):
 garbage-first heap   total 345088K, used 313024K [0x0000000080000000, 0x0000000100000000)
  region size 1024K, 116 young (118784K), 11 survivors (11264K)
 Metaspace       used 182796K, committed 185408K, reserved 1245184K
  class space    used 23561K, committed 24896K, reserved 1048576K
}
Event: 152.692 GC heap after
{Heap after GC invocations=65 (full 0):
 garbage-first heap   total 345088K, used 208600K [0x0000000080000000, 0x0000000100000000)
  region size 1024K, 10 young (10240K), 10 survivors (10240K)
 Metaspace       used 182796K, committed 185408K, reserved 1245184K
  class space    used 23561K, committed 24896K, reserved 1048576K
}
Event: 154.746 GC heap before
{Heap before GC invocations=65 (full 0):
 garbage-first heap   total 345088K, used 316120K [0x0000000080000000, 0x0000000100000000)
  region size 1024K, 115 young (117760K), 10 survivors (10240K)
 Metaspace       used 182796K, committed 185408K, reserved 1245184K
  class space    used 23561K, committed 24896K, reserved 1048576K
}
Event: 154.760 GC heap after
{Heap after GC invocations=66 (full 0):
 garbage-first heap   total 345088K, used 206769K [0x0000000080000000, 0x0000000100000000)
  region size 1024K, 9 young (9216K), 9 survivors (9216K)
 Metaspace       used 182796K, committed 185408K, reserved 1245184K
  class space    used 23561K, committed 24896K, reserved 1048576K
}
Event: 156.208 GC heap before
{Heap before GC invocations=66 (full 0):
 garbage-first heap   total 345088K, used 316337K [0x0000000080000000, 0x0000000100000000)
  region size 1024K, 116 young (118784K), 9 survivors (9216K)
 Metaspace       used 182796K, committed 185408K, reserved 1245184K
  class space    used 23561K, committed 24896K, reserved 1048576K
}
Event: 156.222 GC heap after
{Heap after GC invocations=67 (full 0):
 garbage-first heap   total 345088K, used 210515K [0x0000000080000000, 0x0000000100000000)
  region size 1024K, 9 young (9216K), 9 survivors (9216K)
 Metaspace       used 182796K, committed 185408K, reserved 1245184K
  class space    used 23561K, committed 24896K, reserved 1048576K
}
Event: 158.533 GC heap before
{Heap before GC invocations=68 (full 0):
 garbage-first heap   total 353280K, used 317011K [0x0000000080000000, 0x0000000100000000)
  region size 1024K, 113 young (115712K), 9 survivors (9216K)
 Metaspace       used 182796K, committed 185408K, reserved 1245184K
  class space    used 23561K, committed 24896K, reserved 1048576K
}
Event: 158.545 GC heap after
{Heap after GC invocations=69 (full 0):
 garbage-first heap   total 353280K, used 213369K [0x0000000080000000, 0x0000000100000000)
  region size 1024K, 9 young (9216K), 9 survivors (9216K)
 Metaspace       used 182796K, committed 185408K, reserved 1245184K
  class space    used 23561K, committed 24896K, reserved 1048576K
}
Event: 189.500 GC heap before
{Heap before GC invocations=69 (full 0):
 garbage-first heap   total 353280K, used 326009K [0x0000000080000000, 0x0000000100000000)
  region size 1024K, 118 young (120832K), 9 survivors (9216K)
 Metaspace       used 190403K, committed 193152K, reserved 1245184K
  class space    used 24507K, committed 25856K, reserved 1048576K
}
Event: 189.551 GC heap after
{Heap after GC invocations=70 (full 0):
 garbage-first heap   total 353280K, used 215229K [0x0000000080000000, 0x0000000100000000)
  region size 1024K, 10 young (10240K), 10 survivors (10240K)
 Metaspace       used 190403K, committed 193152K, reserved 1245184K
  class space    used 24507K, committed 25856K, reserved 1048576K
}

